# JRE version: Java(TM) SE Runtime Environment (17.0.2+8) (build 17.0.2+8-LTS-86)
# Java VM: Java HotSpot(TM) 64-Bit Server VM (17.0.2+8-LTS-86, mixed mode, sharing, tiered, compressed oops, compressed class ptrs, g1 gc, windows-amd64)
GC Precious Log:
 CPUs: 4 total, 4 available
 Memory: 8026M
 Large Page Support: Disabled
 NUMA Support: Disabled
 Compressed Oops: Enabled (32-bit)
 Heap Region Size: 1M
 Heap Min Capacity: 8M
 Heap Initial Capacity: 126M
 Heap Max Capacity: 2008M
 Pre-touch: Disabled
 Parallel Workers: 4
 Concurrent Workers: 1
 Concurrent Refinement Workers: 4
 Periodic GC: Disabled
Heap:
 garbage-first heap   total 129024K, used 38596K [0x0000000082800000, 0x0000000100000000)
  region size 1024K, 22 young (22528K), 5 survivors (5120K)
 Metaspace       used 21192K, committed 21504K, reserved 1073152K
  class space    used 2405K, committed 2560K, reserved 1048576K
GC Heap History (10 events):
Event: 5.507 GC heap before
{Heap before GC invocations=0 (full 0):
 garbage-first heap   total 129024K, used 13312K [0x0000000082800000, 0x0000000100000000)
  region size 1024K, 13 young (13312K), 0 survivors (0K)
 Metaspace       used 3660K, committed 3776K, reserved 1056768K
  class space    used 400K, committed 448K, reserved 1048576K
}
Event: 5.516 GC heap after
{Heap after GC invocations=1 (full 0):
 garbage-first heap   total 129024K, used 3104K [0x0000000082800000, 0x0000000100000000)
  region size 1024K, 2 young (2048K), 2 survivors (2048K)
 Metaspace       used 3660K, committed 3776K, reserved 1056768K
  class space    used 400K, committed 448K, reserved 1048576K
}
Event: 5.969 GC heap before
{Heap before GC invocations=1 (full 0):
 garbage-first heap   total 129024K, used 15392K [0x0000000082800000, 0x0000000100000000)
  region size 1024K, 14 young (14336K), 2 survivors (2048K)
 Metaspace       used 5283K, committed 5440K, reserved 1056768K
  class space    used 619K, committed 704K, reserved 1048576K
}
Event: 5.973 GC heap after
{Heap after GC invocations=2 (full 0):
 garbage-first heap   total 129024K, used 3778K [0x0000000082800000, 0x0000000100000000)
  region size 1024K, 1 young (1024K), 1 survivors (1024K)
 Metaspace       used 5283K, committed 5440K, reserved 1056768K
  class space    used 619K, committed 704K, reserved 1048576K
}
Event: 7.200 GC heap before
{Heap before GC invocations=2 (full 0):
 garbage-first heap   total 129024K, used 33474K [0x0000000082800000, 0x0000000100000000)
  region size 1024K, 30 young (30720K), 1 survivors (1024K)
 Metaspace       used 11110K, committed 11264K, reserved 1064960K
  class space    used 1345K, committed 1408K, reserved 1048576K
}
Event: 7.207 GC heap after
{Heap after GC invocations=3 (full 0):
 garbage-first heap   total 129024K, used 5973K [0x0000000082800000, 0x0000000100000000)
  region size 1024K, 3 young (3072K), 3 survivors (3072K)
 Metaspace       used 11110K, committed 11264K, reserved 1064960K
  class space    used 1345K, committed 1408K, reserved 1048576K
}
Event: 9.541 GC heap before
{Heap before GC invocations=3 (full 0):
 garbage-first heap   total 129024K, used 79701K [0x0000000082800000, 0x0000000100000000)
  region size 1024K, 75 young (76800K), 3 survivors (3072K)
 Metaspace       used 12835K, committed 12992K, reserved 1064960K
  class space    used 1450K, committed 1536K, reserved 1048576K
}
Event: 9.560 GC heap after
{Heap after GC invocations=4 (full 0):
 garbage-first heap   total 129024K, used 14610K [0x0000000082800000, 0x0000000100000000)
  region size 1024K, 10 young (10240K), 10 survivors (10240K)
 Metaspace       used 12835K, committed 12992K, reserved 1064960K
  class space    used 1450K, committed 1536K, reserved 1048576K
}
Event: 14.125 GC heap before
{Heap before GC invocations=4 (full 0):
 garbage-first heap   total 129024K, used 109842K [0x0000000082800000, 0x0000000100000000)
  region size 1024K, 72 young (73728K), 10 survivors (10240K)
 Metaspace       used 15482K, committed 15808K, reserved 1064960K
  class space    used 1690K, committed 1856K, reserved 1048576K
}
Event: 14.147 GC heap after
{Heap after GC invocations=5 (full 0):
 garbage-first heap   total 129024K, used 19140K [0x0000000082800000, 0x0000000100000000)
  region size 1024K, 5 young (5120K), 5 survivors (5120K)
 Metaspace       used 15482K, committed 15808K, reserved 1064960K
  class space    used 1690K, committed 1856K, reserved 1048576K
}

